<?xml version="1.0" encoding="UTF-8"?>
<testsuite xmlns:xsi="http://www.w3.org/2001/XMLSchema-instance" xsi:noNamespaceSchemaLocation="https://maven.apache.org/surefire/maven-surefire-plugin/xsd/surefire-test-report.xsd" name="com.moyang.vueblog.VueblogApplicationTests" time="11.898" tests="1" errors="0" skipped="0" failures="0">
  <properties>
    <property name="sun.desktop" value="windows"/>
    <property name="awt.toolkit" value="sun.awt.windows.WToolkit"/>
    <property name="file.encoding.pkg" value="sun.io"/>
    <property name="java.specification.version" value="1.8"/>
    <property name="sun.cpu.isalist" value="amd64"/>
    <property name="sun.jnu.encoding" value="GBK"/>
    <property name="java.class.path" value="F:\编程环境\vueblog\target\test-classes;F:\编程环境\vueblog\target\classes;F:\bendicangku\org\springframework\boot\spring-boot-starter-web\2.3.2.RELEASE\spring-boot-starter-web-2.3.2.RELEASE.jar;F:\bendicangku\org\springframework\boot\spring-boot-starter\2.3.2.RELEASE\spring-boot-starter-2.3.2.RELEASE.jar;F:\bendicangku\org\springframework\boot\spring-boot-starter-logging\2.3.2.RELEASE\spring-boot-starter-logging-2.3.2.RELEASE.jar;F:\bendicangku\ch\qos\logback\logback-classic\1.2.3\logback-classic-1.2.3.jar;F:\bendicangku\ch\qos\logback\logback-core\1.2.3\logback-core-1.2.3.jar;F:\bendicangku\org\apache\logging\log4j\log4j-to-slf4j\2.13.3\log4j-to-slf4j-2.13.3.jar;F:\bendicangku\org\apache\logging\log4j\log4j-api\2.13.3\log4j-api-2.13.3.jar;F:\bendicangku\org\slf4j\jul-to-slf4j\1.7.30\jul-to-slf4j-1.7.30.jar;F:\bendicangku\jakarta\annotation\jakarta.annotation-api\1.3.5\jakarta.annotation-api-1.3.5.jar;F:\bendicangku\org\yaml\snakeyaml\1.26\snakeyaml-1.26.jar;F:\bendicangku\org\springframework\boot\spring-boot-starter-json\2.3.2.RELEASE\spring-boot-starter-json-2.3.2.RELEASE.jar;F:\bendicangku\com\fasterxml\jackson\datatype\jackson-datatype-jdk8\2.11.1\jackson-datatype-jdk8-2.11.1.jar;F:\bendicangku\com\fasterxml\jackson\datatype\jackson-datatype-jsr310\2.11.1\jackson-datatype-jsr310-2.11.1.jar;F:\bendicangku\com\fasterxml\jackson\module\jackson-module-parameter-names\2.11.1\jackson-module-parameter-names-2.11.1.jar;F:\bendicangku\org\springframework\boot\spring-boot-starter-tomcat\2.3.2.RELEASE\spring-boot-starter-tomcat-2.3.2.RELEASE.jar;F:\bendicangku\org\apache\tomcat\embed\tomcat-embed-core\9.0.37\tomcat-embed-core-9.0.37.jar;F:\bendicangku\org\glassfish\jakarta.el\3.0.3\jakarta.el-3.0.3.jar;F:\bendicangku\org\apache\tomcat\embed\tomcat-embed-websocket\9.0.37\tomcat-embed-websocket-9.0.37.jar;F:\bendicangku\org\springframework\spring-web\5.2.8.RELEASE\spring-web-5.2.8.RELEASE.jar;F:\bendicangku\org\springframework\spring-beans\5.2.8.RELEASE\spring-beans-5.2.8.RELEASE.jar;F:\bendicangku\org\springframework\spring-webmvc\5.2.8.RELEASE\spring-webmvc-5.2.8.RELEASE.jar;F:\bendicangku\org\springframework\spring-aop\5.2.8.RELEASE\spring-aop-5.2.8.RELEASE.jar;F:\bendicangku\org\springframework\spring-context\5.2.8.RELEASE\spring-context-5.2.8.RELEASE.jar;F:\bendicangku\org\springframework\spring-expression\5.2.8.RELEASE\spring-expression-5.2.8.RELEASE.jar;F:\bendicangku\org\springframework\boot\spring-boot-devtools\2.3.2.RELEASE\spring-boot-devtools-2.3.2.RELEASE.jar;F:\bendicangku\org\springframework\boot\spring-boot\2.3.2.RELEASE\spring-boot-2.3.2.RELEASE.jar;F:\bendicangku\org\springframework\boot\spring-boot-autoconfigure\2.3.2.RELEASE\spring-boot-autoconfigure-2.3.2.RELEASE.jar;F:\bendicangku\mysql\mysql-connector-java\8.0.21\mysql-connector-java-8.0.21.jar;F:\bendicangku\org\projectlombok\lombok\1.18.12\lombok-1.18.12.jar;F:\bendicangku\com\baomidou\mybatis-plus-boot-starter\3.2.0\mybatis-plus-boot-starter-3.2.0.jar;F:\bendicangku\com\baomidou\mybatis-plus\3.2.0\mybatis-plus-3.2.0.jar;F:\bendicangku\org\springframework\boot\spring-boot-starter-jdbc\2.3.2.RELEASE\spring-boot-starter-jdbc-2.3.2.RELEASE.jar;F:\bendicangku\com\zaxxer\HikariCP\3.4.5\HikariCP-3.4.5.jar;F:\bendicangku\org\springframework\spring-jdbc\5.2.8.RELEASE\spring-jdbc-5.2.8.RELEASE.jar;F:\bendicangku\org\springframework\spring-tx\5.2.8.RELEASE\spring-tx-5.2.8.RELEASE.jar;F:\bendicangku\org\springframework\boot\spring-boot-starter-freemarker\2.3.2.RELEASE\spring-boot-starter-freemarker-2.3.2.RELEASE.jar;F:\bendicangku\org\freemarker\freemarker\2.3.30\freemarker-2.3.30.jar;F:\bendicangku\org\springframework\spring-context-support\5.2.8.RELEASE\spring-context-support-5.2.8.RELEASE.jar;F:\bendicangku\com\baomidou\mybatis-plus-generator\3.2.0\mybatis-plus-generator-3.2.0.jar;F:\bendicangku\com\baomidou\mybatis-plus-extension\3.2.0\mybatis-plus-extension-3.2.0.jar;F:\bendicangku\com\baomidou\mybatis-plus-core\3.2.0\mybatis-plus-core-3.2.0.jar;F:\bendicangku\com\baomidou\mybatis-plus-annotation\3.2.0\mybatis-plus-annotation-3.2.0.jar;F:\bendicangku\com\github\jsqlparser\jsqlparser\2.1\jsqlparser-2.1.jar;F:\bendicangku\org\mybatis\mybatis\3.5.2\mybatis-3.5.2.jar;F:\bendicangku\org\mybatis\mybatis-spring\2.0.2\mybatis-spring-2.0.2.jar;F:\bendicangku\org\crazycake\shiro-redis-spring-boot-starter\3.2.1\shiro-redis-spring-boot-starter-3.2.1.jar;F:\bendicangku\org\crazycake\shiro-redis\3.2.0\shiro-redis-3.2.0.jar;F:\bendicangku\redis\clients\jedis\3.3.0\jedis-3.3.0.jar;F:\bendicangku\org\apache\commons\commons-pool2\2.8.0\commons-pool2-2.8.0.jar;F:\bendicangku\org\slf4j\slf4j-api\1.7.30\slf4j-api-1.7.30.jar;F:\bendicangku\org\apache\shiro\shiro-core\1.3.2\shiro-core-1.3.2.jar;F:\bendicangku\commons-beanutils\commons-beanutils\1.8.3\commons-beanutils-1.8.3.jar;F:\bendicangku\com\puppycrawl\tools\checkstyle\8.3\checkstyle-8.3.jar;F:\bendicangku\antlr\antlr\2.7.7\antlr-2.7.7.jar;F:\bendicangku\org\antlr\antlr4-runtime\4.7\antlr4-runtime-4.7.jar;F:\bendicangku\commons-cli\commons-cli\1.4\commons-cli-1.4.jar;F:\bendicangku\com\google\guava\guava\23.0\guava-23.0.jar;F:\bendicangku\com\google\code\findbugs\jsr305\1.3.9\jsr305-1.3.9.jar;F:\bendicangku\com\google\errorprone\error_prone_annotations\2.0.18\error_prone_annotations-2.0.18.jar;F:\bendicangku\com\google\j2objc\j2objc-annotations\1.1\j2objc-annotations-1.1.jar;F:\bendicangku\org\codehaus\mojo\animal-sniffer-annotations\1.14\animal-sniffer-annotations-1.14.jar;F:\bendicangku\net\sf\saxon\Saxon-HE\9.8.0-4\Saxon-HE-9.8.0-4.jar;C:\Program Files\Java\jdk1.8.0_202\jre\..\lib\tools.jar;F:\bendicangku\org\apache\shiro\shiro-spring-boot-web-starter\1.4.0-RC2\shiro-spring-boot-web-starter-1.4.0-RC2.jar;F:\bendicangku\org\apache\shiro\shiro-spring\1.4.0-RC2\shiro-spring-1.4.0-RC2.jar;F:\bendicangku\org\apache\shiro\shiro-web\1.4.0-RC2\shiro-web-1.4.0-RC2.jar;F:\bendicangku\cn\hutool\hutool-all\5.3.3\hutool-all-5.3.3.jar;F:\bendicangku\io\jsonwebtoken\jjwt\0.9.1\jjwt-0.9.1.jar;F:\bendicangku\com\fasterxml\jackson\core\jackson-databind\2.11.1\jackson-databind-2.11.1.jar;F:\bendicangku\com\fasterxml\jackson\core\jackson-annotations\2.11.1\jackson-annotations-2.11.1.jar;F:\bendicangku\com\fasterxml\jackson\core\jackson-core\2.11.1\jackson-core-2.11.1.jar;F:\bendicangku\javax\validation\validation-api\2.0.1.Final\validation-api-2.0.1.Final.jar;F:\bendicangku\org\hibernate\validator\hibernate-validator\6.0.13.Final\hibernate-validator-6.0.13.Final.jar;F:\bendicangku\org\jboss\logging\jboss-logging\3.4.1.Final\jboss-logging-3.4.1.Final.jar;F:\bendicangku\com\fasterxml\classmate\1.5.1\classmate-1.5.1.jar;F:\bendicangku\org\springframework\boot\spring-boot-starter-test\2.3.2.RELEASE\spring-boot-starter-test-2.3.2.RELEASE.jar;F:\bendicangku\org\springframework\boot\spring-boot-test\2.3.2.RELEASE\spring-boot-test-2.3.2.RELEASE.jar;F:\bendicangku\org\springframework\boot\spring-boot-test-autoconfigure\2.3.2.RELEASE\spring-boot-test-autoconfigure-2.3.2.RELEASE.jar;F:\bendicangku\com\jayway\jsonpath\json-path\2.4.0\json-path-2.4.0.jar;F:\bendicangku\net\minidev\json-smart\2.3\json-smart-2.3.jar;F:\bendicangku\net\minidev\accessors-smart\1.2\accessors-smart-1.2.jar;F:\bendicangku\org\ow2\asm\asm\5.0.4\asm-5.0.4.jar;F:\bendicangku\jakarta\xml\bind\jakarta.xml.bind-api\2.3.3\jakarta.xml.bind-api-2.3.3.jar;F:\bendicangku\jakarta\activation\jakarta.activation-api\1.2.2\jakarta.activation-api-1.2.2.jar;F:\bendicangku\org\assertj\assertj-core\3.16.1\assertj-core-3.16.1.jar;F:\bendicangku\org\hamcrest\hamcrest\2.2\hamcrest-2.2.jar;F:\bendicangku\org\junit\jupiter\junit-jupiter\5.6.2\junit-jupiter-5.6.2.jar;F:\bendicangku\org\junit\jupiter\junit-jupiter-api\5.6.2\junit-jupiter-api-5.6.2.jar;F:\bendicangku\org\apiguardian\apiguardian-api\1.1.0\apiguardian-api-1.1.0.jar;F:\bendicangku\org\opentest4j\opentest4j\1.2.0\opentest4j-1.2.0.jar;F:\bendicangku\org\junit\platform\junit-platform-commons\1.6.2\junit-platform-commons-1.6.2.jar;F:\bendicangku\org\junit\jupiter\junit-jupiter-params\5.6.2\junit-jupiter-params-5.6.2.jar;F:\bendicangku\org\junit\jupiter\junit-jupiter-engine\5.6.2\junit-jupiter-engine-5.6.2.jar;F:\bendicangku\org\junit\platform\junit-platform-engine\1.6.2\junit-platform-engine-1.6.2.jar;F:\bendicangku\org\mockito\mockito-core\3.3.3\mockito-core-3.3.3.jar;F:\bendicangku\net\bytebuddy\byte-buddy\1.10.13\byte-buddy-1.10.13.jar;F:\bendicangku\net\bytebuddy\byte-buddy-agent\1.10.13\byte-buddy-agent-1.10.13.jar;F:\bendicangku\org\objenesis\objenesis\2.6\objenesis-2.6.jar;F:\bendicangku\org\mockito\mockito-junit-jupiter\3.3.3\mockito-junit-jupiter-3.3.3.jar;F:\bendicangku\org\skyscreamer\jsonassert\1.5.0\jsonassert-1.5.0.jar;F:\bendicangku\com\vaadin\external\google\android-json\0.0.20131108.vaadin1\android-json-0.0.20131108.vaadin1.jar;F:\bendicangku\org\springframework\spring-core\5.2.8.RELEASE\spring-core-5.2.8.RELEASE.jar;F:\bendicangku\org\springframework\spring-jcl\5.2.8.RELEASE\spring-jcl-5.2.8.RELEASE.jar;F:\bendicangku\org\springframework\spring-test\5.2.8.RELEASE\spring-test-5.2.8.RELEASE.jar;F:\bendicangku\org\xmlunit\xmlunit-core\2.7.0\xmlunit-core-2.7.0.jar;"/>
    <property name="java.vm.vendor" value="Oracle Corporation"/>
    <property name="sun.arch.data.model" value="64"/>
    <property name="user.variant" value=""/>
    <property name="java.vendor.url" value="http://java.oracle.com/"/>
    <property name="user.timezone" value="Asia/Shanghai"/>
    <property name="java.vm.specification.version" value="1.8"/>
    <property name="os.name" value="Windows 10"/>
    <property name="user.country" value="CN"/>
    <property name="sun.java.launcher" value="SUN_STANDARD"/>
    <property name="sun.boot.library.path" value="C:\Program Files\Java\jdk1.8.0_202\jre\bin"/>
    <property name="sun.java.command" value="C:\Users\DELL\AppData\Local\Temp\surefire7528385087962927479\surefirebooter3708474759532999224.jar C:\Users\DELL\AppData\Local\Temp\surefire7528385087962927479 2020-08-06T10-25-53_738-jvmRun1 surefire3971915807012768123tmp surefire_03489327236039245791tmp"/>
    <property name="surefire.test.class.path" value="F:\编程环境\vueblog\target\test-classes;F:\编程环境\vueblog\target\classes;F:\bendicangku\org\springframework\boot\spring-boot-starter-web\2.3.2.RELEASE\spring-boot-starter-web-2.3.2.RELEASE.jar;F:\bendicangku\org\springframework\boot\spring-boot-starter\2.3.2.RELEASE\spring-boot-starter-2.3.2.RELEASE.jar;F:\bendicangku\org\springframework\boot\spring-boot-starter-logging\2.3.2.RELEASE\spring-boot-starter-logging-2.3.2.RELEASE.jar;F:\bendicangku\ch\qos\logback\logback-classic\1.2.3\logback-classic-1.2.3.jar;F:\bendicangku\ch\qos\logback\logback-core\1.2.3\logback-core-1.2.3.jar;F:\bendicangku\org\apache\logging\log4j\log4j-to-slf4j\2.13.3\log4j-to-slf4j-2.13.3.jar;F:\bendicangku\org\apache\logging\log4j\log4j-api\2.13.3\log4j-api-2.13.3.jar;F:\bendicangku\org\slf4j\jul-to-slf4j\1.7.30\jul-to-slf4j-1.7.30.jar;F:\bendicangku\jakarta\annotation\jakarta.annotation-api\1.3.5\jakarta.annotation-api-1.3.5.jar;F:\bendicangku\org\yaml\snakeyaml\1.26\snakeyaml-1.26.jar;F:\bendicangku\org\springframework\boot\spring-boot-starter-json\2.3.2.RELEASE\spring-boot-starter-json-2.3.2.RELEASE.jar;F:\bendicangku\com\fasterxml\jackson\datatype\jackson-datatype-jdk8\2.11.1\jackson-datatype-jdk8-2.11.1.jar;F:\bendicangku\com\fasterxml\jackson\datatype\jackson-datatype-jsr310\2.11.1\jackson-datatype-jsr310-2.11.1.jar;F:\bendicangku\com\fasterxml\jackson\module\jackson-module-parameter-names\2.11.1\jackson-module-parameter-names-2.11.1.jar;F:\bendicangku\org\springframework\boot\spring-boot-starter-tomcat\2.3.2.RELEASE\spring-boot-starter-tomcat-2.3.2.RELEASE.jar;F:\bendicangku\org\apache\tomcat\embed\tomcat-embed-core\9.0.37\tomcat-embed-core-9.0.37.jar;F:\bendicangku\org\glassfish\jakarta.el\3.0.3\jakarta.el-3.0.3.jar;F:\bendicangku\org\apache\tomcat\embed\tomcat-embed-websocket\9.0.37\tomcat-embed-websocket-9.0.37.jar;F:\bendicangku\org\springframework\spring-web\5.2.8.RELEASE\spring-web-5.2.8.RELEASE.jar;F:\bendicangku\org\springframework\spring-beans\5.2.8.RELEASE\spring-beans-5.2.8.RELEASE.jar;F:\bendicangku\org\springframework\spring-webmvc\5.2.8.RELEASE\spring-webmvc-5.2.8.RELEASE.jar;F:\bendicangku\org\springframework\spring-aop\5.2.8.RELEASE\spring-aop-5.2.8.RELEASE.jar;F:\bendicangku\org\springframework\spring-context\5.2.8.RELEASE\spring-context-5.2.8.RELEASE.jar;F:\bendicangku\org\springframework\spring-expression\5.2.8.RELEASE\spring-expression-5.2.8.RELEASE.jar;F:\bendicangku\org\springframework\boot\spring-boot-devtools\2.3.2.RELEASE\spring-boot-devtools-2.3.2.RELEASE.jar;F:\bendicangku\org\springframework\boot\spring-boot\2.3.2.RELEASE\spring-boot-2.3.2.RELEASE.jar;F:\bendicangku\org\springframework\boot\spring-boot-autoconfigure\2.3.2.RELEASE\spring-boot-autoconfigure-2.3.2.RELEASE.jar;F:\bendicangku\mysql\mysql-connector-java\8.0.21\mysql-connector-java-8.0.21.jar;F:\bendicangku\org\projectlombok\lombok\1.18.12\lombok-1.18.12.jar;F:\bendicangku\com\baomidou\mybatis-plus-boot-starter\3.2.0\mybatis-plus-boot-starter-3.2.0.jar;F:\bendicangku\com\baomidou\mybatis-plus\3.2.0\mybatis-plus-3.2.0.jar;F:\bendicangku\org\springframework\boot\spring-boot-starter-jdbc\2.3.2.RELEASE\spring-boot-starter-jdbc-2.3.2.RELEASE.jar;F:\bendicangku\com\zaxxer\HikariCP\3.4.5\HikariCP-3.4.5.jar;F:\bendicangku\org\springframework\spring-jdbc\5.2.8.RELEASE\spring-jdbc-5.2.8.RELEASE.jar;F:\bendicangku\org\springframework\spring-tx\5.2.8.RELEASE\spring-tx-5.2.8.RELEASE.jar;F:\bendicangku\org\springframework\boot\spring-boot-starter-freemarker\2.3.2.RELEASE\spring-boot-starter-freemarker-2.3.2.RELEASE.jar;F:\bendicangku\org\freemarker\freemarker\2.3.30\freemarker-2.3.30.jar;F:\bendicangku\org\springframework\spring-context-support\5.2.8.RELEASE\spring-context-support-5.2.8.RELEASE.jar;F:\bendicangku\com\baomidou\mybatis-plus-generator\3.2.0\mybatis-plus-generator-3.2.0.jar;F:\bendicangku\com\baomidou\mybatis-plus-extension\3.2.0\mybatis-plus-extension-3.2.0.jar;F:\bendicangku\com\baomidou\mybatis-plus-core\3.2.0\mybatis-plus-core-3.2.0.jar;F:\bendicangku\com\baomidou\mybatis-plus-annotation\3.2.0\mybatis-plus-annotation-3.2.0.jar;F:\bendicangku\com\github\jsqlparser\jsqlparser\2.1\jsqlparser-2.1.jar;F:\bendicangku\org\mybatis\mybatis\3.5.2\mybatis-3.5.2.jar;F:\bendicangku\org\mybatis\mybatis-spring\2.0.2\mybatis-spring-2.0.2.jar;F:\bendicangku\org\crazycake\shiro-redis-spring-boot-starter\3.2.1\shiro-redis-spring-boot-starter-3.2.1.jar;F:\bendicangku\org\crazycake\shiro-redis\3.2.0\shiro-redis-3.2.0.jar;F:\bendicangku\redis\clients\jedis\3.3.0\jedis-3.3.0.jar;F:\bendicangku\org\apache\commons\commons-pool2\2.8.0\commons-pool2-2.8.0.jar;F:\bendicangku\org\slf4j\slf4j-api\1.7.30\slf4j-api-1.7.30.jar;F:\bendicangku\org\apache\shiro\shiro-core\1.3.2\shiro-core-1.3.2.jar;F:\bendicangku\commons-beanutils\commons-beanutils\1.8.3\commons-beanutils-1.8.3.jar;F:\bendicangku\com\puppycrawl\tools\checkstyle\8.3\checkstyle-8.3.jar;F:\bendicangku\antlr\antlr\2.7.7\antlr-2.7.7.jar;F:\bendicangku\org\antlr\antlr4-runtime\4.7\antlr4-runtime-4.7.jar;F:\bendicangku\commons-cli\commons-cli\1.4\commons-cli-1.4.jar;F:\bendicangku\com\google\guava\guava\23.0\guava-23.0.jar;F:\bendicangku\com\google\code\findbugs\jsr305\1.3.9\jsr305-1.3.9.jar;F:\bendicangku\com\google\errorprone\error_prone_annotations\2.0.18\error_prone_annotations-2.0.18.jar;F:\bendicangku\com\google\j2objc\j2objc-annotations\1.1\j2objc-annotations-1.1.jar;F:\bendicangku\org\codehaus\mojo\animal-sniffer-annotations\1.14\animal-sniffer-annotations-1.14.jar;F:\bendicangku\net\sf\saxon\Saxon-HE\9.8.0-4\Saxon-HE-9.8.0-4.jar;C:\Program Files\Java\jdk1.8.0_202\jre\..\lib\tools.jar;F:\bendicangku\org\apache\shiro\shiro-spring-boot-web-starter\1.4.0-RC2\shiro-spring-boot-web-starter-1.4.0-RC2.jar;F:\bendicangku\org\apache\shiro\shiro-spring\1.4.0-RC2\shiro-spring-1.4.0-RC2.jar;F:\bendicangku\org\apache\shiro\shiro-web\1.4.0-RC2\shiro-web-1.4.0-RC2.jar;F:\bendicangku\cn\hutool\hutool-all\5.3.3\hutool-all-5.3.3.jar;F:\bendicangku\io\jsonwebtoken\jjwt\0.9.1\jjwt-0.9.1.jar;F:\bendicangku\com\fasterxml\jackson\core\jackson-databind\2.11.1\jackson-databind-2.11.1.jar;F:\bendicangku\com\fasterxml\jackson\core\jackson-annotations\2.11.1\jackson-annotations-2.11.1.jar;F:\bendicangku\com\fasterxml\jackson\core\jackson-core\2.11.1\jackson-core-2.11.1.jar;F:\bendicangku\javax\validation\validation-api\2.0.1.Final\validation-api-2.0.1.Final.jar;F:\bendicangku\org\hibernate\validator\hibernate-validator\6.0.13.Final\hibernate-validator-6.0.13.Final.jar;F:\bendicangku\org\jboss\logging\jboss-logging\3.4.1.Final\jboss-logging-3.4.1.Final.jar;F:\bendicangku\com\fasterxml\classmate\1.5.1\classmate-1.5.1.jar;F:\bendicangku\org\springframework\boot\spring-boot-starter-test\2.3.2.RELEASE\spring-boot-starter-test-2.3.2.RELEASE.jar;F:\bendicangku\org\springframework\boot\spring-boot-test\2.3.2.RELEASE\spring-boot-test-2.3.2.RELEASE.jar;F:\bendicangku\org\springframework\boot\spring-boot-test-autoconfigure\2.3.2.RELEASE\spring-boot-test-autoconfigure-2.3.2.RELEASE.jar;F:\bendicangku\com\jayway\jsonpath\json-path\2.4.0\json-path-2.4.0.jar;F:\bendicangku\net\minidev\json-smart\2.3\json-smart-2.3.jar;F:\bendicangku\net\minidev\accessors-smart\1.2\accessors-smart-1.2.jar;F:\bendicangku\org\ow2\asm\asm\5.0.4\asm-5.0.4.jar;F:\bendicangku\jakarta\xml\bind\jakarta.xml.bind-api\2.3.3\jakarta.xml.bind-api-2.3.3.jar;F:\bendicangku\jakarta\activation\jakarta.activation-api\1.2.2\jakarta.activation-api-1.2.2.jar;F:\bendicangku\org\assertj\assertj-core\3.16.1\assertj-core-3.16.1.jar;F:\bendicangku\org\hamcrest\hamcrest\2.2\hamcrest-2.2.jar;F:\bendicangku\org\junit\jupiter\junit-jupiter\5.6.2\junit-jupiter-5.6.2.jar;F:\bendicangku\org\junit\jupiter\junit-jupiter-api\5.6.2\junit-jupiter-api-5.6.2.jar;F:\bendicangku\org\apiguardian\apiguardian-api\1.1.0\apiguardian-api-1.1.0.jar;F:\bendicangku\org\opentest4j\opentest4j\1.2.0\opentest4j-1.2.0.jar;F:\bendicangku\org\junit\platform\junit-platform-commons\1.6.2\junit-platform-commons-1.6.2.jar;F:\bendicangku\org\junit\jupiter\junit-jupiter-params\5.6.2\junit-jupiter-params-5.6.2.jar;F:\bendicangku\org\junit\jupiter\junit-jupiter-engine\5.6.2\junit-jupiter-engine-5.6.2.jar;F:\bendicangku\org\junit\platform\junit-platform-engine\1.6.2\junit-platform-engine-1.6.2.jar;F:\bendicangku\org\mockito\mockito-core\3.3.3\mockito-core-3.3.3.jar;F:\bendicangku\net\bytebuddy\byte-buddy\1.10.13\byte-buddy-1.10.13.jar;F:\bendicangku\net\bytebuddy\byte-buddy-agent\1.10.13\byte-buddy-agent-1.10.13.jar;F:\bendicangku\org\objenesis\objenesis\2.6\objenesis-2.6.jar;F:\bendicangku\org\mockito\mockito-junit-jupiter\3.3.3\mockito-junit-jupiter-3.3.3.jar;F:\bendicangku\org\skyscreamer\jsonassert\1.5.0\jsonassert-1.5.0.jar;F:\bendicangku\com\vaadin\external\google\android-json\0.0.20131108.vaadin1\android-json-0.0.20131108.vaadin1.jar;F:\bendicangku\org\springframework\spring-core\5.2.8.RELEASE\spring-core-5.2.8.RELEASE.jar;F:\bendicangku\org\springframework\spring-jcl\5.2.8.RELEASE\spring-jcl-5.2.8.RELEASE.jar;F:\bendicangku\org\springframework\spring-test\5.2.8.RELEASE\spring-test-5.2.8.RELEASE.jar;F:\bendicangku\org\xmlunit\xmlunit-core\2.7.0\xmlunit-core-2.7.0.jar;"/>
    <property name="sun.cpu.endian" value="little"/>
    <property name="user.home" value="C:\Users\DELL"/>
    <property name="user.language" value="zh"/>
    <property name="java.specification.vendor" value="Oracle Corporation"/>
    <property name="java.home" value="C:\Program Files\Java\jdk1.8.0_202\jre"/>
    <property name="basedir" value="F:\编程环境\vueblog"/>
    <property name="file.separator" value="\"/>
    <property name="line.separator" value="&#10;"/>
    <property name="java.vm.specification.vendor" value="Oracle Corporation"/>
    <property name="java.specification.name" value="Java Platform API Specification"/>
    <property name="java.awt.graphicsenv" value="sun.awt.Win32GraphicsEnvironment"/>
    <property name="surefire.real.class.path" value="C:\Users\DELL\AppData\Local\Temp\surefire7528385087962927479\surefirebooter3708474759532999224.jar"/>
    <property name="sun.boot.class.path" value="C:\Program Files\Java\jdk1.8.0_202\jre\lib\resources.jar;C:\Program Files\Java\jdk1.8.0_202\jre\lib\rt.jar;C:\Program Files\Java\jdk1.8.0_202\jre\lib\sunrsasign.jar;C:\Program Files\Java\jdk1.8.0_202\jre\lib\jsse.jar;C:\Program Files\Java\jdk1.8.0_202\jre\lib\jce.jar;C:\Program Files\Java\jdk1.8.0_202\jre\lib\charsets.jar;C:\Program Files\Java\jdk1.8.0_202\jre\lib\jfr.jar;C:\Program Files\Java\jdk1.8.0_202\jre\classes"/>
    <property name="user.script" value=""/>
    <property name="sun.management.compiler" value="HotSpot 64-Bit Tiered Compilers"/>
    <property name="java.runtime.version" value="1.8.0_202-b08"/>
    <property name="user.name" value="DELL"/>
    <property name="path.separator" value=";"/>
    <property name="os.version" value="10.0"/>
    <property name="java.endorsed.dirs" value="C:\Program Files\Java\jdk1.8.0_202\jre\lib\endorsed"/>
    <property name="java.runtime.name" value="Java(TM) SE Runtime Environment"/>
    <property name="file.encoding" value="GBK"/>
    <property name="java.vm.name" value="Java HotSpot(TM) 64-Bit Server VM"/>
    <property name="localRepository" value="F:\bendicangku"/>
    <property name="java.vendor.url.bug" value="http://bugreport.sun.com/bugreport/"/>
    <property name="java.io.tmpdir" value="C:\Users\DELL\AppData\Local\Temp\"/>
    <property name="idea.version" value="2020.2"/>
    <property name="java.version" value="1.8.0_202"/>
    <property name="user.dir" value="F:\编程环境\vueblog"/>
    <property name="os.arch" value="amd64"/>
    <property name="java.vm.specification.name" value="Java Virtual Machine Specification"/>
    <property name="java.awt.printerjob" value="sun.awt.windows.WPrinterJob"/>
    <property name="sun.os.patch.level" value=""/>
    <property name="java.library.path" value="C:\Program Files\Java\jdk1.8.0_202\jre\bin;C:\WINDOWS\Sun\Java\bin;C:\WINDOWS\system32;C:\WINDOWS;F:\编程环境\Xshell\;C:\Program Files (x86)\Common Files\Oracle\Java\javapath;D:\python\Scripts\;D:\python\;C:\Program Files (x86)\Intel\Intel(R) Management Engine Components\iCLS\;C:\Program Files\Intel\Intel(R) Management Engine Components\iCLS\;C:\Windows\system32;C:\Windows;C:\Windows\System32\Wbem;C:\Windows\System32\WindowsPowerShell\v1.0\;C:\Program Files (x86)\NVIDIA Corporation\PhysX\Common;C:\Program Files (x86)\Intel\Intel(R) Management Engine Components\DAL;C:\Program Files\Intel\Intel(R) Management Engine Components\DAL;C:\Program Files (x86)\Intel\Intel(R) Management Engine Components\IPT;C:\Program Files\Intel\Intel(R) Management Engine Components\IPT;C:\WINDOWS\system32;C:\WINDOWS;C:\WINDOWS\System32\Wbem;C:\WINDOWS\System32\WindowsPowerShell\v1.0\;C:\WINDOWS\System32\OpenSSH\;F:\MATLAB\R2018b\bin;G:\runtime\win64;G:\bin;G:\polyspace\bin;C:\Program Files\Intel\WiFi\bin\;C:\Program Files\Common Files\Intel\WirelessCommon\;C:\Program Files\MySQL\MySQL Server 8.0\bin;G:;C:\Program Files\Java\jdk1.8.0_202\bin;E:\Git\cmd;F:\编程环境\apache-maven-3.6.3-bin\apache-maven-3.6.3\bin;G:\nodejs\;%NODE_PATH%;D:\Tools\WinNT;D:\MSDev98\Bin;D:\Tools;D:\VC98\bin;C:\Users\DELL\AppData\Local\Microsoft\WindowsApps;C:\Program Files\Bandizip\;E:\Microsoft VS Code\bin;C:\Users\DELL\AppData\Roaming\npm;."/>
    <property name="java.vm.info" value="mixed mode"/>
    <property name="java.vendor" value="Oracle Corporation"/>
    <property name="java.vm.version" value="25.202-b08"/>
    <property name="java.ext.dirs" value="C:\Program Files\Java\jdk1.8.0_202\jre\lib\ext;C:\WINDOWS\Sun\Java\lib\ext"/>
    <property name="sun.io.unicode.encoding" value="UnicodeLittle"/>
    <property name="java.class.version" value="52.0"/>
  </properties>
  <testcase name="contextLoads" classname="com.moyang.vueblog.VueblogApplicationTests" time="0.403"/>
</testsuite>